+ exec meson setup --prefix /usr --libexecdir lib --sbindir bin --buildtype plain --auto-features enabled --wrap-mode nodownload -D b_lto=true -D b_pie=true wayfire-0.7.5 build -Duse_system_wfconfig=disabled -Duse_system_wlroots=enabled -Dxwayland=disabled
The Meson build system
Version: 1.0.0
Source dir: /build/wayfire/src/wayfire-0.7.5
Build dir: /build/wayfire/src/build
Build type: native build
Project name: wayfire
Project version: 0.7.5
C compiler for the host machine: cc (gcc 12.2.0 "cc (GCC) 12.2.0")
C linker for the host machine: cc ld.bfd 2.39.0
C++ compiler for the host machine: c++ (gcc 12.2.0 "c++ (GCC) 12.2.0")
C++ linker for the host machine: c++ ld.bfd 2.39.0
Host machine cpu family: x86_64
Host machine cpu: x86_64
Found pkg-config: /usr/bin/pkg-config (1.8.0)
Run-time dependency wayland-server found: YES 1.21.0
Run-time dependency wayland-client found: YES 1.21.0
Run-time dependency wayland-cursor found: YES 1.21.0
Run-time dependency wayland-protocols found: YES 1.31
Run-time dependency cairo found: YES 1.17.6
Run-time dependency pango found: YES 1.50.12
Run-time dependency pangocairo found: YES 1.50.12
Run-time dependency libdrm found: YES 2.4.114
Run-time dependency egl found: YES 1.5
Run-time dependency glesv2 found: YES 3.2
Run-time dependency glm found: YES 0.9.9.8
Run-time dependency libinput found: YES 1.22.0
Run-time dependency pixman-1 found: YES 0.42.2
Run-time dependency threads found: YES
Run-time dependency xkbcommon found: YES 1.5.0
Run-time dependency wlroots found: YES 0.16.1
Dependency wf-config skipped: feature use_system_wfconfig disabled

Executing subproject wf-config 

wf-config| Project name: wf-config
wf-config| Project version: 0.7.1
wf-config| C++ compiler for the host machine: c++ (gcc 12.2.0 "c++ (GCC) 12.2.0")
wf-config| C++ linker for the host machine: c++ ld.bfd 2.39.0
wf-config| Dependency glm found: YES 0.9.9.8 (cached)
wf-config| Run-time dependency libevdev found: YES 1.13.0
wf-config| Run-time dependency libxml-2.0 found: YES 2.10.3
wf-config| Found CMake: /usr/bin/cmake (3.25.1)
wf-config| Run-time dependency doctest found: YES 2.4.9
wf-config| Build targets in project: 11
wf-config| Subproject wf-config finished.


Executing subproject wf-utils 

wf-utils| Project name: wf-utils
wf-utils| Project version: 0.4.0
wf-utils| C++ compiler for the host machine: c++ (gcc 12.2.0 "c++ (GCC) 12.2.0")
wf-utils| C++ linker for the host machine: c++ ld.bfd 2.39.0
wf-utils| Program doxygen found: NO
wf-utils| Build targets in project: 12
wf-utils| Subproject wf-utils finished.


Executing subproject wf-touch 

wf-touch| Project name: wf-touch
wf-touch| Project version: 0.0
wf-touch| C++ compiler for the host machine: c++ (gcc 12.2.0 "c++ (GCC) 12.2.0")
wf-touch| C++ linker for the host machine: c++ ld.bfd 2.39.0
wf-touch| Dependency glm found: YES 0.9.9.8 (cached)
wf-touch| Dependency doctest found: YES 2.4.9 (cached)
wf-touch| Build targets in project: 16
wf-touch| Subproject wf-touch finished.

Run-time dependency libinotify found: NO (tried pkgconfig and cmake)
Run-time dependency libjpeg found: YES 2.1.4
Run-time dependency libpng found: YES 1.6.39
Library execinfo found: NO
Program git found: NO
Compiler for C++ supports arguments -fno-gnu-unique: YES 
Compiler for C++ supports link arguments -lc++fs: NO 
Compiler for C++ supports link arguments -lc++experimental: NO 
Compiler for C++ supports link arguments -lstdc++fs: YES 
Check usable header "GLES3/gl32.h" with dependency glesv2: YES 
Fetching value of define "WLR_HAS_XWAYLAND" with dependency wlroots: 1 
Fetching value of define "WLR_HAS_X11_BACKEND" with dependency wlroots: 1 
Configuring config.h using configuration
Program wayland-scanner found: YES (/usr/bin/wayland-scanner)
Program addr2line found: YES (/usr/bin/addr2line)
WARNING: You should add the boolean check kwarg to the run_command call.
         It currently defaults to false,
         but it will default to true in future releases of meson.
         See also: https://github.com/mesonbuild/meson/issues/9300
Message: 
----------------
wayfire 0.7.5

system wfconfig: false
 system wlroots: true
       xwayland: false
    x11-backend: true
        imageio: true
         gles32: true
    print trace: true
----------------

Build targets in project: 49
NOTICE: Future-deprecated features used:
 * 0.56.0: {'dependency.get_pkgconfig_variable'}

wayfire 0.7.5

  Subprojects
    wf-config          : YES
    wf-touch           : YES
    wf-utils           : YES

  User defined options
    auto_features      : enabled
    buildtype          : plain
    libexecdir         : lib
    prefix             : /usr
    sbindir            : bin
    wrap_mode          : nodownload
    b_lto              : true
    b_pie              : true
    use_system_wfconfig: disabled
    use_system_wlroots : enabled
    xwayland           : disabled

Found ninja-1.11.1 at /usr/bin/ninja
ninja: Entering directory `build'
[1/251] Compiling C++ object subprojects/wf-config/libwf-config.so.0.7.1.p/src_config-manager.cpp.o
[2/251] Compiling C++ object subprojects/wf-config/libwf-config.so.0.7.1.p/src_section.cpp.o
[3/251] Compiling C++ object subprojects/wf-config/libwf-config.so.0.7.1.p/src_option.cpp.o
[4/251] Compiling C++ object subprojects/wf-config/libwf-config.so.0.7.1.p/src_log.cpp.o
[5/251] Compiling C++ object subprojects/wf-config/libwf-config.so.0.7.1.p/src_compound-option.cpp.o
[6/251] Compiling C++ object subprojects/wf-config/libwf-config.so.0.7.1.p/src_duration.cpp.o
[7/251] Compiling C++ object subprojects/wf-config/libwf-config.so.0.7.1.p/src_file.cpp.o
[8/251] Compiling C++ object subprojects/wf-config/libwf-config.so.0.7.1.p/src_types.cpp.o
[9/251] Compiling C++ object subprojects/wf-utils/libwf-utils.so.0.4.0.p/wayfire_condition_condition.cpp.o
[10/251] Compiling C++ object subprojects/wf-utils/libwf-utils.so.0.4.0.p/wayfire_action_action.cpp.o
[11/251] Compiling C++ object subprojects/wf-config/libwf-config.so.0.7.1.p/src_xml.cpp.o
[12/251] Compiling C++ object subprojects/wf-utils/libwf-utils.so.0.4.0.p/wayfire_condition_logic_condition.cpp.o
[13/251] Compiling C++ object subprojects/wf-utils/libwf-utils.so.0.4.0.p/wayfire_condition_test_condition.cpp.o
[14/251] Compiling C++ object subprojects/wf-utils/libwf-utils.so.0.4.0.p/wayfire_lexer_lexer.cpp.o
[15/251] Compiling C++ object subprojects/wf-config/test/option_base_test.p/option_base_test.cpp.o
[16/251] Compiling C++ object subprojects/wf-utils/libwf-utils.so.0.4.0.p/wayfire_lexer_literal.cpp.o
[17/251] Compiling C++ object subprojects/wf-config/test/option_wrapper_test.p/option_wrapper_test.cpp.o
[18/251] Compiling C++ object subprojects/wf-config/test/section_test.p/section_test.cpp.o
[19/251] Compiling C++ object subprojects/wf-utils/libwf-utils.so.0.4.0.p/wayfire_lexer_symbol.cpp.o
[20/251] Compiling C++ object subprojects/wf-config/test/types_test.p/types_test.cpp.o
[21/251] Compiling C++ object subprojects/wf-utils/libwf-utils.so.0.4.0.p/wayfire_parser_action_parser.cpp.o
[22/251] Compiling C++ object subprojects/wf-config/test/log_test.p/log_test.cpp.o
[23/251] Compiling C++ object subprojects/wf-utils/libwf-utils.so.0.4.0.p/wayfire_parser_condition_parser.cpp.o
[24/251] Compiling C++ object subprojects/wf-utils/libwf-utils.so.0.4.0.p/wayfire_variant.cpp.o
[25/251] Compiling C++ object subprojects/wf-utils/libwf-utils.so.0.4.0.p/wayfire_parser_lambda_rule_parser.cpp.o
[26/251] Compiling C++ object subprojects/wf-utils/libwf-utils.so.0.4.0.p/wayfire_rule_rule.cpp.o
[27/251] Compiling C++ object subprojects/wf-utils/libwf-utils.so.0.4.0.p/wayfire_rule_lambda_rule.cpp.o
[28/251] Compiling C++ object subprojects/wf-config/test/option_test.p/option_test.cpp.o
[29/251] Generating 'proto/libwl_protos.a.p/xdg-shell-protocol.c'.
[30/251] Generating 'proto/libwl_protos.a.p/idle-inhibit-unstable-v1-protocol.c'.
[31/251] Generating 'proto/libwl_protos.a.p/linux-dmabuf-unstable-v1-protocol.c'.
[32/251] Generating 'proto/libwl_protos.a.p/xdg-shell-unstable-v6-protocol.c'.
[33/251] Generating 'proto/libwl_protos.a.p/xdg-output-unstable-v1-protocol.c'.
[34/251] Generating 'proto/libwl_protos.a.p/pointer-constraints-unstable-v1-protocol.c'.
[35/251] Generating 'proto/libwl_protos.a.p/relative-pointer-unstable-v1-protocol.c'.
[36/251] Generating 'proto/libwl_protos.a.p/tablet-unstable-v2-protocol.c'.
[37/251] Generating 'proto/libwl_protos.a.p/wayfire-shell-unstable-v2-protocol.c'.
[38/251] Compiling C++ object subprojects/wf-utils/libwf-utils.so.0.4.0.p/wayfire_parser_rule_parser.cpp.o
[39/251] Generating 'proto/libwl_protos.a.p/gtk-shell-protocol.c'.
[40/251] Generating 'proto/libwl_protos.a.p/wlr-layer-shell-unstable-v1-protocol.c'.
[41/251] Generating 'proto/libwl_protos.a.p/wlr-output-power-management-unstable-v1-protocol.c'.
[42/251] Generating 'proto/libwl_protos.a.p/xdg-shell-protocol.h'.
[43/251] Compiling C++ object subprojects/wf-config/test/duration_test.p/duration_test.cpp.o
[44/251] Generating 'proto/libwl_protos.a.p/idle-inhibit-unstable-v1-protocol.h'.
[45/251] Compiling C++ object subprojects/wf-config/test/config_manager_test.p/config_manager_test.cpp.o
[46/251] Generating 'proto/libwl_protos.a.p/linux-dmabuf-unstable-v1-protocol.h'.
[47/251] Generating 'proto/libwl_protos.a.p/xdg-shell-unstable-v6-protocol.h'.
[48/251] Generating 'proto/libwl_protos.a.p/xdg-output-unstable-v1-protocol.h'.
[49/251] Generating 'proto/libwl_protos.a.p/pointer-constraints-unstable-v1-protocol.h'.
[50/251] Generating 'proto/libwl_protos.a.p/relative-pointer-unstable-v1-protocol.h'.
[51/251] Generating 'proto/libwl_protos.a.p/tablet-unstable-v2-protocol.h'.
[52/251] Generating 'proto/libwl_protos.a.p/gtk-shell-protocol.h'.
[53/251] Generating 'proto/libwl_protos.a.p/wayfire-shell-unstable-v2-protocol.h'.
[54/251] Generating 'proto/libwl_protos.a.p/wlr-layer-shell-unstable-v1-protocol.h'.
[55/251] Generating 'proto/libwl_protos.a.p/wlr-output-power-management-unstable-v1-protocol.h'.
[56/251] Generating 'src/wayfire.p/xdg-shell-protocol.h'.
[57/251] Generating 'src/wayfire.p/idle-inhibit-unstable-v1-protocol.h'.
[58/251] Generating 'src/wayfire.p/linux-dmabuf-unstable-v1-protocol.h'.
[59/251] Compiling C object proto/libwl_protos.a.p/meson-generated_idle-inhibit-unstable-v1-protocol.c.o
[60/251] Compiling C object proto/libwl_protos.a.p/meson-generated_xdg-shell-unstable-v6-protocol.c.o
[61/251] Compiling C object proto/libwl_protos.a.p/meson-generated_xdg-shell-protocol.c.o
[62/251] Compiling C object proto/libwl_protos.a.p/meson-generated_linux-dmabuf-unstable-v1-protocol.c.o
[63/251] Compiling C object proto/libwl_protos.a.p/meson-generated_xdg-output-unstable-v1-protocol.c.o
[64/251] Compiling C object proto/libwl_protos.a.p/meson-generated_pointer-constraints-unstable-v1-protocol.c.o
[65/251] Compiling C object proto/libwl_protos.a.p/meson-generated_relative-pointer-unstable-v1-protocol.c.o
[66/251] Compiling C object proto/libwl_protos.a.p/meson-generated_tablet-unstable-v2-protocol.c.o
[67/251] Compiling C++ object subprojects/wf-config/test/xml_test.p/xml_test.cpp.o
[68/251] Compiling C object proto/libwl_protos.a.p/meson-generated_gtk-shell-protocol.c.o
[69/251] Compiling C object proto/libwl_protos.a.p/meson-generated_wayfire-shell-unstable-v2-protocol.c.o
[70/251] Compiling C object proto/libwl_protos.a.p/meson-generated_wlr-layer-shell-unstable-v1-protocol.c.o
[71/251] Generating 'src/wayfire.p/xdg-shell-unstable-v6-protocol.h'.
[72/251] Compiling C object proto/libwl_protos.a.p/meson-generated_wlr-output-power-management-unstable-v1-protocol.c.o
[73/251] Generating 'src/wayfire.p/xdg-output-unstable-v1-protocol.h'.
[74/251] Generating 'src/wayfire.p/pointer-constraints-unstable-v1-protocol.h'.
[75/251] Generating 'src/wayfire.p/relative-pointer-unstable-v1-protocol.h'.
[76/251] Generating 'src/wayfire.p/tablet-unstable-v2-protocol.h'.
[77/251] Linking static target proto/libwl_protos.a
[78/251] Generating 'src/wayfire.p/wayfire-shell-unstable-v2-protocol.h'.
[79/251] Generating 'src/wayfire.p/gtk-shell-protocol.h'.
[80/251] Generating 'src/wayfire.p/wlr-layer-shell-unstable-v1-protocol.h'.
[81/251] Generating 'src/wayfire.p/wlr-output-power-management-unstable-v1-protocol.h'.
[82/251] Generating 'src/libdefault-config-backend.so.p/xdg-shell-protocol.h'.
[83/251] Generating 'src/libdefault-config-backend.so.p/idle-inhibit-unstable-v1-protocol.h'.
[84/251] Generating 'src/libdefault-config-backend.so.p/linux-dmabuf-unstable-v1-protocol.h'.
[85/251] Generating 'src/libdefault-config-backend.so.p/xdg-shell-unstable-v6-protocol.h'.
[86/251] Compiling C++ object subprojects/wf-touch/libwftouch.a.p/src_touch.cpp.o
[87/251] Linking target subprojects/wf-config/libwf-config.so.0.7.1
[88/251] Compiling C++ object subprojects/wf-touch/libwftouch.a.p/src_actions.cpp.o
[89/251] Compiling C++ object subprojects/wf-touch/libwftouch.a.p/src_math.cpp.o
[90/251] Linking static target subprojects/wf-touch/libwftouch.a
[91/251] Generating symbol file subprojects/wf-config/libwf-config.so.0.7.1.p/libwf-config.so.0.7.1.symbols
[92/251] Compiling C++ object subprojects/wf-config/test/file_test.p/file_test.cpp.o
[93/251] Compiling C++ object src/wayfire.p/util.cpp.o
[94/251] Compiling C++ object src/wayfire.p/core_object.cpp.o
[95/251] Compiling C++ object src/wayfire.p/core_matcher.cpp.o
[96/251] Linking target subprojects/wf-utils/libwf-utils.so.0.4.0
[97/251] Compiling C++ object src/wayfire.p/main.cpp.o
In file included from ../wayfire-0.7.5/src/main.cpp:9:
../wayfire-0.7.5/src/debug-func.hpp: In function ‘std::string read_output(std::string)’:
../wayfire-0.7.5/src/debug-func.hpp:89:10: warning: ignoring return value of ‘char* fgets(char*, int, FILE*)’ declared with attribute ‘warn_unused_result’ [-Wunused-result]
   89 |     fgets(buffer, MAX_FUNCTION_NAME, file);
      |     ~~~~~^~~~~~~~~~~~~~~~~~~~~~~~~~~~~~~~~
[98/251] Compiling C++ object subprojects/wf-touch/test/action_test.p/action_test.cpp.o
[99/251] Compiling C++ object src/wayfire.p/core_opengl.cpp.o
[100/251] Compiling C++ object src/wayfire.p/core_plugin.cpp.o
[101/251] Compiling C++ object subprojects/wf-touch/test/basic_test.p/basic_test.cpp.o
[102/251] Linking target subprojects/wf-config/test/option_base_test
[103/251] Compiling C++ object subprojects/wf-touch/test/gesture_test.p/gesture_test.cpp.o
[104/251] Linking target subprojects/wf-config/test/types_test
[105/251] Generating symbol file subprojects/wf-utils/libwf-utils.so.0.4.0.p/libwf-utils.so.0.4.0.symbols
[106/251] Linking target subprojects/wf-config/test/option_wrapper_test
[107/251] Compiling C++ object src/wayfire.p/core_output-layout.cpp.o
[108/251] Linking target subprojects/wf-config/test/option_test
[109/251] Compiling C++ object src/wayfire.p/core_core.cpp.o
../wayfire-0.7.5/src/core/core.cpp: In member function ‘virtual pid_t wf::compositor_core_impl_t::run(std::string)’:
../wayfire-0.7.5/src/core/core.cpp:766:10: warning: ignoring return value of ‘int pipe2(int*, int)’ declared with attribute ‘warn_unused_result’ [-Wunused-result]
  766 |     pipe2(pipe_fd, O_CLOEXEC);
      |     ~~~~~^~~~~~~~~~~~~~~~~~~~
../wayfire-0.7.5/src/core/core.cpp:797:18: warning: ignoring return value of ‘ssize_t write(int, const void*, size_t)’ declared with attribute ‘warn_unused_result’ [-Wunused-result]
  797 |             write(pipe_fd[WRITE_END], (void*)(&pid), sizeof(pid));
      |             ~~~~~^~~~~~~~~~~~~~~~~~~~~~~~~~~~~~~~~~~~~~~~~~~~~~~~
../wayfire-0.7.5/src/core/core.cpp:809:13: warning: ignoring return value of ‘ssize_t read(int, void*, size_t)’ declared with attribute ‘warn_unused_result’ [-Wunused-result]
  809 |         read(pipe_fd[READ_END], &child_pid, sizeof(child_pid));
      |         ~~~~^~~~~~~~~~~~~~~~~~~~~~~~~~~~~~~~~~~~~~~~~~~~~~~~~~
[110/251] Linking target subprojects/wf-config/test/xml_test
[111/251] Linking target subprojects/wf-config/test/section_test
[112/251] Compiling C++ object src/wayfire.p/core_idle.cpp.o
[113/251] Linking target subprojects/wf-config/test/config_manager_test
[114/251] Linking target subprojects/wf-config/test/log_test
[115/251] Linking target subprojects/wf-config/test/duration_test
[116/251] Compiling C++ object src/wayfire.p/core_view-access-interface.cpp.o
[117/251] Linking target subprojects/wf-config/test/file_test
[118/251] Linking target subprojects/wf-touch/test/basic_test
[119/251] Compiling C++ object src/wayfire.p/core_img.cpp.o
[120/251] Compiling C++ object src/wayfire.p/core_wm.cpp.o
[121/251] Linking target subprojects/wf-touch/test/gesture_test
[122/251] Linking target subprojects/wf-touch/test/action_test
[123/251] Compiling C++ object src/wayfire.p/core_seat_pointing-device.cpp.o
[124/251] Compiling C++ object src/wayfire.p/core_seat_hotspot-manager.cpp.o
[125/251] Compiling C++ object src/wayfire.p/core_seat_input-method-relay.cpp.o
[126/251] Compiling C++ object src/wayfire.p/core_seat_input-manager.cpp.o
[127/251] Compiling C++ object src/wayfire.p/core_seat_bindings-repository.cpp.o
[128/251] Compiling C++ object src/wayfire.p/core_seat_pointer.cpp.o
[129/251] Compiling C++ object src/wayfire.p/core_seat_switch.cpp.o
[130/251] Compiling C++ object src/wayfire.p/view_subsurface.cpp.o
[131/251] Compiling C++ object src/wayfire.p/core_seat_keyboard.cpp.o
[132/251] Compiling C++ object src/wayfire.p/core_seat_tablet.cpp.o
[133/251] Compiling C++ object src/wayfire.p/core_seat_cursor.cpp.o
[134/251] Compiling C++ object src/wayfire.p/core_seat_seat.cpp.o
[135/251] Compiling C++ object src/wayfire.p/view_surface.cpp.o
[136/251] Compiling C++ object src/wayfire.p/core_seat_touch.cpp.o
[137/251] Generating 'src/libdefault-config-backend.so.p/xdg-output-unstable-v1-protocol.h'.
[138/251] Generating 'src/libdefault-config-backend.so.p/pointer-constraints-unstable-v1-protocol.h'.
[139/251] Generating 'src/libdefault-config-backend.so.p/relative-pointer-unstable-v1-protocol.h'.
[140/251] Generating 'src/libdefault-config-backend.so.p/tablet-unstable-v2-protocol.h'.
[141/251] Generating 'src/libdefault-config-backend.so.p/wayfire-shell-unstable-v2-protocol.h'.
[142/251] Generating 'src/libdefault-config-backend.so.p/gtk-shell-protocol.h'.
[143/251] Generating 'src/libdefault-config-backend.so.p/wlr-layer-shell-unstable-v1-protocol.h'.
[144/251] Generating 'src/libdefault-config-backend.so.p/wlr-output-power-management-unstable-v1-protocol.h'.
[145/251] Compiling C++ object src/wayfire.p/view_view-3d.cpp.o
[146/251] Compiling C++ object src/wayfire.p/view_compositor-view.cpp.o
[147/251] Compiling C++ object src/wayfire.p/view_xdg-shell.cpp.o
[148/251] Compiling C object plugins/wobbly/libwobbly.so.p/wobbly.c.o
[149/251] Compiling C++ object src/wayfire.p/view_view-impl.cpp.o
[150/251] Compiling C++ object src/wayfire.p/view_xwayland.cpp.o
[151/251] Compiling C++ object src/wayfire.p/view_view.cpp.o
[152/251] Compiling C++ object src/wayfire.p/view_layer-shell.cpp.o
[153/251] Compiling C++ object src/wayfire.p/output_gtk-shell.cpp.o
[154/251] Compiling C++ object src/wayfire.p/output_plugin-loader.cpp.o
[155/251] Compiling C++ object src/libdefault-config-backend.so.p/default-config-backend.cpp.o
[156/251] Compiling C++ object src/wayfire.p/output_wayfire-shell.cpp.o
[157/251] Compiling C++ object src/wayfire.p/output_workspace-impl.cpp.o
[158/251] Compiling C++ object src/wayfire.p/output_output.cpp.o
[159/251] Compiling C++ object plugins/single_plugins/libautostart.so.p/autostart.cpp.o
[160/251] Compiling C++ object plugins/single_plugins/libresize.so.p/resize.cpp.o
[161/251] Linking target src/libdefault-config-backend.so
[162/251] Compiling C++ object src/wayfire.p/output_render-manager.cpp.o
[163/251] Compiling C++ object plugins/wobbly/libwobbly.so.p/wobbly.cpp.o
[164/251] Compiling C++ object plugins/single_plugins/libcommand.so.p/command.cpp.o
[165/251] Compiling C++ object plugins/vswitch/libvswitch.so.p/vswitch.cpp.o
[166/251] Linking target plugins/single_plugins/libresize.so
[167/251] Linking target plugins/single_plugins/libautostart.so
[168/251] Compiling C++ object plugins/single_plugins/libmove.so.p/move.cpp.o
[169/251] Compiling C++ object plugins/single_plugins/libgrid.so.p/grid.cpp.o
[170/251] Compiling C++ object plugins/single_plugins/libvswipe.so.p/vswipe.cpp.o
[171/251] Linking target plugins/single_plugins/libcommand.so
[172/251] Linking target plugins/wobbly/libwobbly.so
[173/251] Compiling C++ object plugins/single_plugins/liboswitch.so.p/oswitch.cpp.o
[174/251] Compiling C++ object plugins/single_plugins/libwrot.so.p/wrot.cpp.o
[175/251] Compiling C++ object plugins/single_plugins/libfast-switcher.so.p/fast-switcher.cpp.o
[176/251] Compiling C++ object plugins/single_plugins/libswitcher.so.p/switcher.cpp.o
[177/251] Linking target plugins/single_plugins/liboswitch.so
[178/251] Compiling C++ object plugins/single_plugins/libplace.so.p/place.cpp.o
[179/251] Compiling C++ object plugins/single_plugins/libinvert.so.p/invert.cpp.o
[180/251] Linking target plugins/vswitch/libvswitch.so
[181/251] Linking target plugins/single_plugins/libfast-switcher.so
[182/251] Linking target plugins/single_plugins/libwrot.so
[183/251] Linking target plugins/single_plugins/libgrid.so
[184/251] Generating 'plugins/decor/libdecoration.so.p/xdg-shell-protocol.h'.
[185/251] Generating 'plugins/decor/libdecoration.so.p/idle-inhibit-unstable-v1-protocol.h'.
[186/251] Generating 'plugins/decor/libdecoration.so.p/linux-dmabuf-unstable-v1-protocol.h'.
[187/251] Generating 'plugins/decor/libdecoration.so.p/xdg-shell-unstable-v6-protocol.h'.
[188/251] Generating 'plugins/decor/libdecoration.so.p/xdg-output-unstable-v1-protocol.h'.
[189/251] Generating 'plugins/decor/libdecoration.so.p/pointer-constraints-unstable-v1-protocol.h'.
[190/251] Generating 'plugins/decor/libdecoration.so.p/relative-pointer-unstable-v1-protocol.h'.
[191/251] Generating 'plugins/decor/libdecoration.so.p/tablet-unstable-v2-protocol.h'.
[192/251] Generating 'plugins/decor/libdecoration.so.p/wayfire-shell-unstable-v2-protocol.h'.
[193/251] Compiling C++ object plugins/single_plugins/libexpo.so.p/expo.cpp.o
[194/251] Linking target plugins/single_plugins/libplace.so
[195/251] Generating 'plugins/decor/libdecoration.so.p/gtk-shell-protocol.h'.
[196/251] Generating 'plugins/decor/libdecoration.so.p/wlr-layer-shell-unstable-v1-protocol.h'.
[197/251] Generating 'plugins/decor/libdecoration.so.p/wlr-output-power-management-unstable-v1-protocol.h'.
[198/251] Compiling C++ object plugins/single_plugins/libfisheye.so.p/fisheye.cpp.o
[199/251] Linking target plugins/single_plugins/libvswipe.so
[200/251] Compiling C++ object plugins/single_plugins/libzoom.so.p/zoom.cpp.o
[201/251] Linking target plugins/single_plugins/libinvert.so
[202/251] Linking target plugins/single_plugins/libmove.so
[203/251] Linking target plugins/single_plugins/libfisheye.so
[204/251] Linking target src/wayfire
[205/251] Compiling C++ object plugins/single_plugins/libalpha.so.p/alpha.cpp.o
[206/251] Linking target plugins/single_plugins/libzoom.so
[207/251] Compiling C++ object plugins/decor/libdecoration.so.p/decoration.cpp.o
[208/251] Compiling C++ object plugins/single_plugins/libidle.so.p/idle.cpp.o
[209/251] Linking target plugins/single_plugins/libswitcher.so
[210/251] Compiling C++ object plugins/single_plugins/libextra-gestures.so.p/extra-gestures.cpp.o
[211/251] Compiling C++ object plugins/single_plugins/libpreserve-output.so.p/preserve-output.cpp.o
[212/251] Linking target plugins/single_plugins/libalpha.so
[213/251] Compiling C++ object plugins/decor/libdecoration.so.p/deco-button.cpp.o
[214/251] Compiling C++ object plugins/decor/libdecoration.so.p/deco-subsurface.cpp.o
[215/251] Compiling C++ object plugins/animate/libanimate.so.p/fire_particle.cpp.o
[216/251] Linking target plugins/single_plugins/libexpo.so
[217/251] Compiling C++ object plugins/decor/libdecoration.so.p/deco-layout.cpp.o
[218/251] Compiling C++ object plugins/animate/libanimate.so.p/animate.cpp.o
[219/251] Linking target plugins/single_plugins/libidle.so
[220/251] Linking target plugins/single_plugins/libextra-gestures.so
[221/251] Compiling C++ object plugins/decor/libdecoration.so.p/deco-theme.cpp.o
[222/251] Compiling C++ object plugins/animate/libanimate.so.p/fire_fire.cpp.o
[223/251] Compiling C++ object plugins/cube/libcube.so.p/cubemap.cpp.o
[224/251] Linking target plugins/single_plugins/libpreserve-output.so
[225/251] Compiling C++ object plugins/cube/libcube.so.p/simple-background.cpp.o
[226/251] Compiling C++ object plugins/cube/libcube.so.p/skydome.cpp.o
[227/251] Compiling C++ object plugins/blur/libblur.so.p/gaussian.cpp.o
[228/251] Compiling C++ object plugins/blur/libblur.so.p/box.cpp.o
[229/251] Compiling C++ object plugins/cube/libcube.so.p/cube.cpp.o
[230/251] Compiling C++ object plugins/window-rules/libwindow-rules.so.p/view-action-interface.cpp.o
[231/251] Compiling C++ object plugins/blur/libblur.so.p/blur-base.cpp.o
[232/251] Compiling C++ object plugins/blur/libblur.so.p/kawase.cpp.o
[233/251] Compiling C++ object plugins/blur/libblur.so.p/blur.cpp.o
[234/251] Compiling C++ object plugins/window-rules/libwindow-rules.so.p/window-rules.cpp.o
[235/251] Linking target plugins/animate/libanimate.so
[236/251] Compiling C++ object plugins/blur/libblur.so.p/bokeh.cpp.o
[237/251] Linking target plugins/decor/libdecoration.so
[238/251] Compiling C++ object plugins/tile/libsimple-tile.so.p/tree.cpp.o
[239/251] Compiling C++ object plugins/tile/libsimple-tile.so.p/tree-controller.cpp.o
[240/251] Compiling C++ object plugins/tile/libsimple-tile.so.p/tile-plugin.cpp.o
[241/251] Compiling C++ object plugins/wm-actions/libwm-actions.so.p/wm-actions.cpp.o
[242/251] Compiling C++ object plugins/scale/libscale.so.p/scale-title-overlay.cpp.o
[243/251] Linking target plugins/window-rules/libwindow-rules.so
[244/251] Linking target plugins/cube/libcube.so
[245/251] Linking target plugins/blur/libblur.so
[246/251] Linking target plugins/wm-actions/libwm-actions.so
[247/251] Compiling C++ object plugins/scale/libscale-title-filter.so.p/scale-title-filter.cpp.o
[248/251] Linking target plugins/tile/libsimple-tile.so
[249/251] Compiling C++ object plugins/scale/libscale.so.p/scale.cpp.o
[250/251] Linking target plugins/scale/libscale-title-filter.so
[251/251] Linking target plugins/scale/libscale.so
