ninja: no work to do.
ninja: Entering directory `/build/wayfire/src/build'
ninja: no work to do.
 1/13 wf-config / Types test          OK              0.02s
 2/13 wf-config / OptionBase test     OK              0.02s
 3/13 wf-config / Option test         OK              0.02s
 4/13 wf-config / Option wrapper test OK              0.02s
 5/13 wf-config / Section test        OK              0.02s
 6/13 wf-config / XML test            OK              0.02s
 7/13 wf-config / ConfigManager test  OK              0.01s
 8/13 wf-config / Log test            OK              0.01s
 9/13 wf-touch / Basic test           OK              0.01s
10/13 wf-touch / Action test          OK              0.01s
11/13 wf-touch / Gesture test         OK              0.00s
12/13 wf-config / File parsing test   OK              0.31s
13/13 wf-config / Duration test       OK              0.37s

Ok:                 13  
Expected Fail:      0   
Fail:               0   
Unexpected Pass:    0   
Skipped:            0   
Timeout:            0   

Full log written to /build/wayfire/src/build/meson-logs/testlog.txt
